  BarycentricCoordinates.cpp
c:\users\brandonhare\desktop\zach\physicsengine\3dphysics\physicsengine\physicsengine\BarycentricCoordinates.h(5): fatal error C1083: Cannot open include file: 'glm/glm.hpp': No such file or directory
  display.cpp
c:\users\brandonhare\desktop\zach\physicsengine\3dphysics\physicsengine\physicsengine\display.h(5): fatal error C1083: Cannot open include file: 'SDL2/SDL.h': No such file or directory
  EPA.cpp
c:\users\brandonhare\desktop\zach\physicsengine\3dphysics\physicsengine\physicsengine\EPA.h(6): fatal error C1083: Cannot open include file: 'glm\glm.hpp': No such file or directory
  GJK.cpp
c:\users\brandonhare\desktop\zach\physicsengine\3dphysics\physicsengine\physicsengine\GJK.h(5): fatal error C1083: Cannot open include file: 'glm/glm.hpp': No such file or directory
  graphics.cpp
c:\users\brandonhare\desktop\zach\physicsengine\3dphysics\physicsengine\physicsengine\transform.h(5): fatal error C1083: Cannot open include file: 'glm/glm.hpp': No such file or directory
  imgui.cpp
  ImGuizmo.cpp
  imgui_draw.cpp
  imgui_impl_opengl3.cpp
include\imgui\imgui_impl_opengl3.cpp(81): fatal error C1083: Cannot open include file: './GL/glew.h': No such file or directory
  imgui_impl_sdl.cpp
include\imgui\imgui_impl_sdl.cpp(41): fatal error C1083: Cannot open include file: './SDL2/SDL.h': No such file or directory
  imgui_widgets.cpp
  main.cpp
main.cpp(7): fatal error C1083: Cannot open include file: 'glm/gtc/constants.hpp': No such file or directory
  mesh.cpp
c:\users\brandonhare\desktop\zach\physicsengine\3dphysics\physicsengine\physicsengine\mesh.h(5): fatal error C1083: Cannot open include file: 'glm/glm.hpp': No such file or directory
  physics.cpp
c:\users\brandonhare\desktop\zach\physicsengine\3dphysics\physicsengine\physicsengine\transform.h(5): fatal error C1083: Cannot open include file: 'glm/glm.hpp': No such file or directory
  SAT.cpp
c:\users\brandonhare\desktop\zach\physicsengine\3dphysics\physicsengine\physicsengine\SAT.h(6): fatal error C1083: Cannot open include file: 'glm/glm.hpp': No such file or directory
  shader.cpp
c:\users\brandonhare\desktop\zach\physicsengine\3dphysics\physicsengine\physicsengine\shader.h(6): fatal error C1083: Cannot open include file: 'GL/glew.h': No such file or directory
