c:\users\brandonhare\desktop\zach\physicsengine\3dphysics\physicsengine\physicsengine\debug\vc140.pdb
c:\users\brandonhare\desktop\zach\physicsengine\3dphysics\physicsengine\physicsengine\debug\vc140.idb
c:\users\brandonhare\desktop\zach\physicsengine\3dphysics\physicsengine\physicsengine\debug\barycentriccoordinates.obj
c:\users\brandonhare\desktop\zach\physicsengine\3dphysics\physicsengine\physicsengine\debug\display.obj
c:\users\brandonhare\desktop\zach\physicsengine\3dphysics\physicsengine\physicsengine\debug\epa.obj
c:\users\brandonhare\desktop\zach\physicsengine\3dphysics\physicsengine\physicsengine\debug\gjk.obj
c:\users\brandonhare\desktop\zach\physicsengine\3dphysics\physicsengine\physicsengine\debug\graphics.obj
c:\users\brandonhare\desktop\zach\physicsengine\3dphysics\physicsengine\physicsengine\debug\imgui.obj
c:\users\brandonhare\desktop\zach\physicsengine\3dphysics\physicsengine\physicsengine\debug\imguizmo.obj
c:\users\brandonhare\desktop\zach\physicsengine\3dphysics\physicsengine\physicsengine\debug\imgui_draw.obj
c:\users\brandonhare\desktop\zach\physicsengine\3dphysics\physicsengine\physicsengine\debug\imgui_impl_opengl3.obj
c:\users\brandonhare\desktop\zach\physicsengine\3dphysics\physicsengine\physicsengine\debug\imgui_impl_sdl.obj
c:\users\brandonhare\desktop\zach\physicsengine\3dphysics\physicsengine\physicsengine\debug\imgui_widgets.obj
c:\users\brandonhare\desktop\zach\physicsengine\3dphysics\physicsengine\physicsengine\debug\main.obj
c:\users\brandonhare\desktop\zach\physicsengine\3dphysics\physicsengine\physicsengine\debug\mesh.obj
c:\users\brandonhare\desktop\zach\physicsengine\3dphysics\physicsengine\physicsengine\debug\physics.obj
c:\users\brandonhare\desktop\zach\physicsengine\3dphysics\physicsengine\physicsengine\debug\sat.obj
c:\users\brandonhare\desktop\zach\physicsengine\3dphysics\physicsengine\physicsengine\debug\shader.obj
c:\users\brandonhare\desktop\zach\physicsengine\3dphysics\physicsengine\physicsengine\debug\soil.obj
c:\users\brandonhare\desktop\zach\physicsengine\3dphysics\physicsengine\physicsengine\debug\image_dxt.obj
c:\users\brandonhare\desktop\zach\physicsengine\3dphysics\physicsengine\physicsengine\debug\image_helper.obj
c:\users\brandonhare\desktop\zach\physicsengine\3dphysics\physicsengine\physicsengine\debug\stb_image_aug.obj
c:\users\brandonhare\desktop\zach\physicsengine\3dphysics\physicsengine\debug\physicsengine.pdb
c:\users\brandonhare\desktop\zach\physicsengine\3dphysics\physicsengine\physicsengine\debug\physicsengine.tlog\cl.command.1.tlog
c:\users\brandonhare\desktop\zach\physicsengine\3dphysics\physicsengine\physicsengine\debug\physicsengine.tlog\cl.read.1.tlog
c:\users\brandonhare\desktop\zach\physicsengine\3dphysics\physicsengine\physicsengine\debug\physicsengine.tlog\cl.write.1.tlog
c:\users\brandonhare\desktop\zach\physicsengine\3dphysics\physicsengine\physicsengine\debug\physicsengine.tlog\link-cvtres.read.1.tlog
c:\users\brandonhare\desktop\zach\physicsengine\3dphysics\physicsengine\physicsengine\debug\physicsengine.tlog\link-cvtres.write.1.tlog
c:\users\brandonhare\desktop\zach\physicsengine\3dphysics\physicsengine\physicsengine\debug\physicsengine.tlog\link-rc.read.1.tlog
c:\users\brandonhare\desktop\zach\physicsengine\3dphysics\physicsengine\physicsengine\debug\physicsengine.tlog\link-rc.write.1.tlog
c:\users\brandonhare\desktop\zach\physicsengine\3dphysics\physicsengine\physicsengine\debug\physicsengine.tlog\link.9388-cvtres.read.1.tlog
c:\users\brandonhare\desktop\zach\physicsengine\3dphysics\physicsengine\physicsengine\debug\physicsengine.tlog\link.9388-cvtres.write.1.tlog
c:\users\brandonhare\desktop\zach\physicsengine\3dphysics\physicsengine\physicsengine\debug\physicsengine.tlog\link.9388-rc.read.1.tlog
c:\users\brandonhare\desktop\zach\physicsengine\3dphysics\physicsengine\physicsengine\debug\physicsengine.tlog\link.9388-rc.write.1.tlog
c:\users\brandonhare\desktop\zach\physicsengine\3dphysics\physicsengine\physicsengine\debug\physicsengine.tlog\link.9388.read.1.tlog
c:\users\brandonhare\desktop\zach\physicsengine\3dphysics\physicsengine\physicsengine\debug\physicsengine.tlog\link.9388.write.1.tlog
c:\users\brandonhare\desktop\zach\physicsengine\3dphysics\physicsengine\physicsengine\debug\physicsengine.tlog\link.command.1.tlog
c:\users\brandonhare\desktop\zach\physicsengine\3dphysics\physicsengine\physicsengine\debug\physicsengine.tlog\link.read.1.tlog
c:\users\brandonhare\desktop\zach\physicsengine\3dphysics\physicsengine\physicsengine\debug\physicsengine.tlog\link.write.1.tlog
